mode: set
github.com/begonia-org/go-access-control/biz/access.go:23.66,28.2 1 1
github.com/begonia-org/go-access-control/biz/access.go:30.87,33.16 2 1
github.com/begonia-org/go-access-control/biz/access.go:33.16,35.3 1 0
github.com/begonia-org/go-access-control/biz/access.go:36.2,36.24 1 1
github.com/begonia-org/go-access-control/biz/access.go:36.24,38.3 1 0
github.com/begonia-org/go-access-control/biz/access.go:39.2,39.79 1 1
github.com/begonia-org/go-access-control/biz/access.go:39.79,41.3 1 1
github.com/begonia-org/go-access-control/biz/access.go:42.2,42.18 1 1
github.com/begonia-org/go-access-control/biz/access.go:44.53,45.30 1 0
github.com/begonia-org/go-access-control/biz/access.go:45.30,48.3 1 0
github.com/begonia-org/go-access-control/biz/access.go:49.2,50.16 2 0
github.com/begonia-org/go-access-control/biz/access.go:50.16,53.3 1 0
github.com/begonia-org/go-access-control/biz/access.go:54.2,54.27 1 0
github.com/begonia-org/go-access-control/biz/access.go:56.67,57.31 1 1
github.com/begonia-org/go-access-control/biz/access.go:57.31,58.35 1 1
github.com/begonia-org/go-access-control/biz/access.go:58.35,60.18 2 1
github.com/begonia-org/go-access-control/biz/access.go:60.18,62.5 1 0
github.com/begonia-org/go-access-control/biz/access.go:63.4,64.17 2 1
github.com/begonia-org/go-access-control/biz/access.go:64.17,66.5 1 0
github.com/begonia-org/go-access-control/biz/access.go:68.4,68.27 1 1
github.com/begonia-org/go-access-control/biz/access.go:68.27,70.5 1 1
github.com/begonia-org/go-access-control/biz/access.go:70.10,72.5 1 0
github.com/begonia-org/go-access-control/biz/access.go:73.9,75.17 2 0
github.com/begonia-org/go-access-control/biz/access.go:75.17,77.5 1 0
github.com/begonia-org/go-access-control/biz/access.go:78.4,79.18 2 0
github.com/begonia-org/go-access-control/biz/access.go:79.18,81.5 1 0
github.com/begonia-org/go-access-control/biz/access.go:82.4,82.21 1 0
github.com/begonia-org/go-access-control/biz/access.go:82.21,84.5 1 0
github.com/begonia-org/go-access-control/biz/access.go:84.10,86.5 1 0
github.com/begonia-org/go-access-control/biz/access.go:90.2,90.18 1 0
github.com/begonia-org/go-access-control/biz/access.go:92.114,94.16 2 0
github.com/begonia-org/go-access-control/biz/access.go:94.16,97.3 2 0
github.com/begonia-org/go-access-control/biz/access.go:98.2,99.16 2 0
github.com/begonia-org/go-access-control/biz/access.go:99.16,102.3 2 0
github.com/begonia-org/go-access-control/biz/access.go:103.2,103.28 1 0
github.com/begonia-org/go-access-control/biz/access.go:105.47,107.2 1 0
github.com/begonia-org/go-access-control/biz/access.go:108.115,111.16 3 0
github.com/begonia-org/go-access-control/biz/access.go:111.16,113.3 1 0
github.com/begonia-org/go-access-control/biz/access.go:114.2,115.16 2 0
github.com/begonia-org/go-access-control/biz/access.go:115.16,117.3 1 0
github.com/begonia-org/go-access-control/biz/access.go:118.2,118.37 1 0
github.com/begonia-org/go-access-control/biz/access.go:120.117,123.41 2 1
github.com/begonia-org/go-access-control/biz/access.go:123.41,124.97 1 1
github.com/begonia-org/go-access-control/biz/access.go:124.97,127.4 2 0
github.com/begonia-org/go-access-control/biz/access.go:128.3,135.71 8 1
github.com/begonia-org/go-access-control/biz/access.go:136.51,137.65 1 0
github.com/begonia-org/go-access-control/biz/access.go:138.43,139.37 1 1
github.com/begonia-org/go-access-control/biz/access.go:139.37,143.5 2 0
github.com/begonia-org/go-access-control/biz/access.go:144.46,145.36 1 0
github.com/begonia-org/go-access-control/biz/access.go:145.36,148.5 2 0
github.com/begonia-org/go-access-control/biz/access.go:149.53,151.58 1 0
github.com/begonia-org/go-access-control/biz/access.go:151.58,154.5 2 0
github.com/begonia-org/go-access-control/biz/access.go:154.7,156.5 1 0
github.com/begonia-org/go-access-control/biz/access.go:157.56,159.57 1 0
github.com/begonia-org/go-access-control/biz/access.go:159.57,162.5 2 0
github.com/begonia-org/go-access-control/biz/access.go:162.7,164.5 1 0
github.com/begonia-org/go-access-control/biz/access.go:165.41,167.58 1 0
github.com/begonia-org/go-access-control/biz/access.go:167.58,170.5 2 0
github.com/begonia-org/go-access-control/biz/access.go:170.7,172.5 1 0
github.com/begonia-org/go-access-control/biz/access.go:173.44,175.37 1 0
github.com/begonia-org/go-access-control/biz/access.go:175.37,178.5 2 0
github.com/begonia-org/go-access-control/biz/access.go:179.47,180.36 1 0
github.com/begonia-org/go-access-control/biz/access.go:180.36,183.5 2 0
github.com/begonia-org/go-access-control/biz/access.go:184.46,185.82 1 0
github.com/begonia-org/go-access-control/biz/access.go:185.82,187.5 1 0
github.com/begonia-org/go-access-control/biz/access.go:187.26,190.5 2 0
github.com/begonia-org/go-access-control/biz/access.go:191.52,192.82 1 0
github.com/begonia-org/go-access-control/biz/access.go:192.82,194.5 1 0
github.com/begonia-org/go-access-control/biz/access.go:194.26,197.5 2 0
github.com/begonia-org/go-access-control/biz/access.go:198.49,199.82 1 0
github.com/begonia-org/go-access-control/biz/access.go:199.82,201.5 1 0
github.com/begonia-org/go-access-control/biz/access.go:201.26,204.5 2 0
github.com/begonia-org/go-access-control/biz/access.go:205.55,206.82 1 0
github.com/begonia-org/go-access-control/biz/access.go:206.82,208.5 1 0
github.com/begonia-org/go-access-control/biz/access.go:208.26,211.5 2 0
github.com/begonia-org/go-access-control/biz/access.go:212.35,213.35 1 0
github.com/begonia-org/go-access-control/biz/access.go:213.35,215.19 2 0
github.com/begonia-org/go-access-control/biz/access.go:215.19,218.6 2 0
github.com/begonia-org/go-access-control/biz/access.go:219.5,220.19 2 0
github.com/begonia-org/go-access-control/biz/access.go:220.19,223.6 2 0
github.com/begonia-org/go-access-control/biz/access.go:224.5,224.17 1 0
github.com/begonia-org/go-access-control/biz/access.go:224.17,227.6 2 0
github.com/begonia-org/go-access-control/biz/access.go:229.41,230.88 1 0
github.com/begonia-org/go-access-control/biz/access.go:230.88,232.5 1 0
github.com/begonia-org/go-access-control/biz/access.go:232.26,235.5 2 0
github.com/begonia-org/go-access-control/biz/access.go:236.43,237.88 1 0
github.com/begonia-org/go-access-control/biz/access.go:237.88,239.5 1 0
github.com/begonia-org/go-access-control/biz/access.go:239.26,242.5 2 0
github.com/begonia-org/go-access-control/biz/access.go:243.49,244.88 1 0
github.com/begonia-org/go-access-control/biz/access.go:244.88,246.5 1 0
github.com/begonia-org/go-access-control/biz/access.go:246.26,249.5 2 0
github.com/begonia-org/go-access-control/biz/access.go:250.46,251.88 1 0
github.com/begonia-org/go-access-control/biz/access.go:251.88,253.5 1 0
github.com/begonia-org/go-access-control/biz/access.go:253.26,256.5 2 0
github.com/begonia-org/go-access-control/biz/access.go:257.52,258.88 1 0
github.com/begonia-org/go-access-control/biz/access.go:258.88,260.5 1 0
github.com/begonia-org/go-access-control/biz/access.go:260.26,263.5 2 0
github.com/begonia-org/go-access-control/biz/access.go:264.40,265.67 1 1
github.com/begonia-org/go-access-control/biz/access.go:265.67,268.5 2 0
github.com/begonia-org/go-access-control/biz/access.go:270.43,271.66 1 0
github.com/begonia-org/go-access-control/biz/access.go:271.66,274.5 2 0
github.com/begonia-org/go-access-control/biz/access.go:279.2,279.18 1 1
github.com/begonia-org/go-access-control/biz/access.go:281.121,283.34 2 1
github.com/begonia-org/go-access-control/biz/access.go:283.34,284.40 1 1
github.com/begonia-org/go-access-control/biz/access.go:284.40,285.44 1 1
github.com/begonia-org/go-access-control/biz/access.go:285.44,286.13 1 1
github.com/begonia-org/go-access-control/biz/access.go:287.10,289.49 2 1
github.com/begonia-org/go-access-control/biz/access.go:289.49,290.83 1 1
github.com/begonia-org/go-access-control/biz/access.go:290.83,292.7 1 0
github.com/begonia-org/go-access-control/biz/access.go:297.2,297.14 1 1
github.com/begonia-org/go-access-control/biz/access.go:297.14,301.3 1 1
github.com/begonia-org/go-access-control/biz/access.go:302.2,302.18 1 1
github.com/begonia-org/go-access-control/biz/access.go:304.64,306.2 1 1
github.com/begonia-org/go-access-control/biz/policy.go:18.55,22.2 1 0
github.com/begonia-org/go-access-control/biz/policy.go:24.95,26.2 1 0
github.com/begonia-org/go-access-control/biz/policy.go:28.86,30.2 1 0
github.com/begonia-org/go-access-control/biz/policy.go:32.86,34.2 1 0
github.com/begonia-org/go-access-control/biz/policy.go:36.110,38.2 1 0
github.com/begonia-org/go-access-control/biz/policy.go:40.85,42.2 1 0
github.com/begonia-org/go-access-control/biz/policy.go:43.74,45.2 1 0
